#
# A fatal error has been detected by the Java Runtime Environment:
#
#  SIGSEGV (0xb) at pc=0x00000001286f4ce9, pid=8356, tid=0x0000000000002c03
#
# JRE version: Java(TM) SE Runtime Environment (8.0_101-b13) (build 1.8.0_101-b13)
# Java VM: Java HotSpot(TM) 64-Bit Server VM (25.101-b13 mixed mode bsd-amd64 compressed oops)
# Problematic frame:
# C  [libswt-cocoa-4527.jnilib+0x25ce9]  callback+0x297
#
# Failed to write core dump. Core dumps have been disabled. To enable core dumping, try "ulimit -c unlimited" before starting Java again
#
# If you would like to submit a bug report, please visit:
#   http://bugreport.java.com/bugreport/crash.jsp
#

---------------  T H R E A D  ---------------

Current thread (0x00007fc89200e000):  VMThread [stack: 0x0000700000526000,0x0000700000626000] [id=11267]

siginfo: si_signo: 11 (SIGSEGV), si_code: 1 (SEGV_MAPERR), si_addr: 0x0000000000000078

Registers:
RAX=0x0000000000000000, RBX=0x00007fc89340d270, RCX=0x0000700000625764, RDX=0x0000000000000001
RSP=0x0000700000625790, RBP=0x00007000006258c0, RSI=0x0000000000000000, RDI=0x0000000000000000
R8 =0x0000000000000007, R9 =0x00007fc8932bef40, R10=0x00007fc892b58500, R11=0x00007fc890f2e250
R12=0x00007fff965c54c0, R13=0x00007fff965c54c0, R14=0x0000000000000000, R15=0x0000000000000000
RIP=0x00000001286f4ce9, EFLAGS=0x0000000000010202, ERR=0x0000000000000004
  TRAPNO=0x000000000000000e

Top of Stack: (sp=0x0000700000625790)
0x0000700000625790:   00000001286f4adb 00007fff7972c2e0
0x00007000006257a0:   00007fff7972c2d8 0000000076ac6608
0x00007000006257b0:   00007fff89077277 00007fff887c4ae4
0x00007000006257c0:   00007fff769e05a0 00007fc89200e1f8
0x00007000006257d0:   00007fc890c46b68 00007fc890c1e6c8
0x00007000006257e0:   0000000200010000 0000000000000000
0x00007000006257f0:   0000700000625850 00007fff00000000
0x0000700000625800:   00007fc8930fc080 00007fc89308eec0
0x0000700000625810:   00007fc893414790 00007fc890c57100
0x0000700000625820:   00007fff89078c70 0000000000000000
0x0000700000625830:   0000000000000007 00007fc8932bef40
0x0000700000625840:   0000000000000000 00000000000000e0
0x0000700000625850:   0000700000625920 00007fff965c5591
0x0000700000625860:   00007fc8932bef40 0000000000000007
0x0000700000625870:   0000000000000000 0000000000000000
0x0000700000625880:   00007fff89077277 00007fc89340d270
0x0000700000625890:   00007fc89340d690 00007fff794b44b0
0x00007000006258a0:   0000000000000000 0000000000000000
0x00007000006258b0:   0000000000000000 0000000000000000
0x00007000006258c0:   00007000006258e0 00000001286d325e
0x00007000006258d0:   00007fff89078c70 00007fc890c57100
0x00007000006258e0:   0000700000625920 00007fff887c4b5a
0x00007000006258f0:   000000004833829b 0000000000000000
0x0000700000625900:   0000700000625990 00000000000000f8
0x0000700000625910:   0000000000000000 00000000000000e0
0x0000700000625920:   0000700000625960 00007fff88937346
0x0000700000625930:   0000000000000000 00007fc89340d270
0x0000700000625940:   00000000000000f8 00007fff965c54c0
0x0000700000625950:   0000000000000000 00007fff797e8d80
0x0000700000625960:   00007000006259e0 00007fff88937115
0x0000700000625970:   0000000000000000 0000000000000000
0x0000700000625980:   0000000000000000 0000000000000000 

Instructions: (pc=0x00000001286f4ce9)
0x00000001286f4cc9:   ff ff 01 00 00 00 48 8b 85 08 ff ff ff 48 85 c0
0x00000001286f4cd9:   0f 84 9f 03 00 00 48 8b 85 08 ff ff ff 48 8b 00
0x00000001286f4ce9:   48 8b 40 78 48 8b bd 08 ff ff ff ff d0 48 89 85
0x00000001286f4cf9:   30 ff ff ff 48 83 bd 30 ff ff ff 00 74 26 48 8b 

Register to memory mapping:

RAX=0x0000000000000000 is an unknown value
RBX=0x00007fc89340d270 is an unknown value
RCX=0x0000700000625764 is an unknown value
RDX=0x0000000000000001 is an unknown value
RSP=0x0000700000625790 is an unknown value
RBP=0x00007000006258c0 is an unknown value
RSI=0x0000000000000000 is an unknown value
RDI=0x0000000000000000 is an unknown value
R8 =0x0000000000000007 is an unknown value
R9 =0x00007fc8932bef40 is an unknown value
R10=0x00007fc892b58500 is an unknown value
R11=0x00007fc890f2e250 is an unknown value
R12=0x00007fff965c54c0: objc_msgSend+0 in /usr/lib/libobjc.A.dylib at 0x00007fff965c4000
R13=0x00007fff965c54c0: objc_msgSend+0 in /usr/lib/libobjc.A.dylib at 0x00007fff965c4000
R14=0x0000000000000000 is an unknown value
R15=0x0000000000000000 is an unknown value


Stack: [0x0000700000526000,0x0000700000626000],  sp=0x0000700000625790,  free space=1021k
Native frames: (J=compiled Java code, j=interpreted, Vv=VM code, C=native code)
C  [libswt-cocoa-4527.jnilib+0x25ce9]  callback+0x297
C  [libswt-cocoa-4527.jnilib+0x425e]  fn0_2+0x27
C  [AppKit+0x18ab5a]  -[NSWindow orderWindow:relativeTo:]+0x76
C  [AppKit+0x2fd346]  __18-[NSWindow _close]_block_invoke+0x1eb
C  [AppKit+0x2fd115]  -[NSWindow _close]+0x176
C  [FinderKit+0xa649b]  -[FI_TFloatingInputWindowController dealloc]+0x3b
C  [libobjc.A.dylib+0x8288]  objc_object::sidetable_release(bool)+0xf2
C  [AppKit+0x58995]  -[NSWindowController release]+0x9a
C  [FinderKit+0xa6d3a]  TRef<FI_TFloatingInputWindowController*, OBJCRetainReleasePolicy<FI_TFloatingInputWindowController*> >::~TRef()+0xc
C  [libsystem_c.dylib+0x5f463]  __cxa_finalize_ranges+0x159
C  [libsystem_c.dylib+0x5f767]  exit+0x37
V  [libjvm.dylib+0x2eb66a]  vm_exit(int)+0x0
V  [libjvm.dylib+0x5b64c9]  VM_Operation::evaluate()+0x4f
V  [libjvm.dylib+0x5b4b35]  VMThread::evaluate_operation(VM_Operation*)+0xdf
V  [libjvm.dylib+0x5b4f82]  VMThread::loop()+0x328
V  [libjvm.dylib+0x5b48a1]  VMThread::run()+0x79
V  [libjvm.dylib+0x48933a]  java_start(Thread*)+0xf6
C  [libsystem_pthread.dylib+0x399d]  _pthread_body+0x83
C  [libsystem_pthread.dylib+0x391a]  _pthread_body+0x0
C  [libsystem_pthread.dylib+0x1351]  thread_start+0xd

VM_Operation (0x000070000092e658): Exit, mode: safepoint, requested by thread 0x00007fc891053000


---------------  P R O C E S S  ---------------

Java Threads: ( => current thread )
  0x00007fc891053000 JavaThread "SIGTERM handler" daemon [_thread_blocked, id=50371, stack(0x000070000082f000,0x000070000092f000)]
  0x00007fc89105e000 JavaThread "Service Thread" daemon [_thread_blocked, id=17923, stack(0x0000700000d41000,0x0000700000e41000)]
  0x00007fc89104d000 JavaThread "C1 CompilerThread2" daemon [_thread_blocked, id=17411, stack(0x0000700000c3e000,0x0000700000d3e000)]
  0x00007fc89104c800 JavaThread "C2 CompilerThread1" daemon [_thread_blocked, id=16899, stack(0x0000700000b3b000,0x0000700000c3b000)]
  0x00007fc89103c000 JavaThread "C2 CompilerThread0" daemon [_thread_blocked, id=16387, stack(0x0000700000a38000,0x0000700000b38000)]
  0x00007fc891044800 JavaThread "Signal Dispatcher" daemon [_thread_blocked, id=13071, stack(0x0000700000935000,0x0000700000a35000)]
  0x00007fc892010800 JavaThread "Finalizer" daemon [_thread_blocked, id=12291, stack(0x000070000072c000,0x000070000082c000)]
  0x00007fc892820000 JavaThread "Reference Handler" daemon [_thread_blocked, id=11779, stack(0x0000700000629000,0x0000700000729000)]
  0x00007fc892002000 JavaThread "main" [_thread_blocked, id=2571, stack(0x00007fff506ff000,0x00007fff50eff000)]

Other Threads:
=>0x00007fc89200e000 VMThread [stack: 0x0000700000526000,0x0000700000626000] [id=11267]

VM state:at safepoint (shutting down)

VM Mutex/Monitor currently owned by a thread:  ([mutex/lock_event])
[0x00007fc890c1bb60] Threads_lock - owner thread: 0x00007fc89200e000

Heap:
 PSYoungGen      total 326656K, used 125778K [0x0000000795580000, 0x00000007bec00000, 0x00000007c0000000)
  eden space 322560K, 38% used [0x0000000795580000,0x000000079cffc9f0,0x00000007a9080000)
  from space 4096K, 8% used [0x00000007be400000,0x00000007be458000,0x00000007be800000)
  to   space 4096K, 0% used [0x00000007be800000,0x00000007be800000,0x00000007bec00000)
 ParOldGen       total 87552K, used 2983K [0x0000000740000000, 0x0000000745580000, 0x0000000795580000)
  object space 87552K, 3% used [0x0000000740000000,0x00000007402e9f68,0x0000000745580000)
 Metaspace       used 10397K, capacity 10610K, committed 10752K, reserved 1058816K
  class space    used 1148K, capacity 1221K, committed 1280K, reserved 1048576K

Card table byte_map: [0x000000012055d000,0x000000012095e000] byte_map_base: 0x000000011cb5d000

Marking Bits: (ParMarkBitMap*) 0x0000000110aedd20
 Begin Bits: [0x0000000120c09000, 0x0000000122c09000)
 End Bits:   [0x0000000122c09000, 0x0000000124c09000)

Polling page: 0x000000010f865000

CodeCache: size=245760Kb used=6423Kb max_used=6429Kb free=239336Kb
 bounds [0x000000011119d000, 0x00000001117fd000, 0x000000012019d000]
 total_blobs=1922 nmethods=1488 adapters=347
 compilation: enabled

Compilation events (10 events):
Event: 5925.289 Thread 0x00007fc89104d000 1741       3       org.eclipse.swt.layout.FormData::getTopAttachment (320 bytes)
Event: 5925.290 Thread 0x00007fc89104d000 nmethod 1741 0x00000001116f7650 code [0x00000001116f7980, 0x00000001116f9858]
Event: 5925.295 Thread 0x00007fc89104d000 1742       3       org.eclipse.swt.layout.FormData::getLeftAttachment (317 bytes)
Event: 5925.296 Thread 0x00007fc89104d000 nmethod 1742 0x00000001116f4750 code [0x00000001116f4a80, 0x00000001116f6958]
Event: 5925.296 Thread 0x00007fc89104d000 1743       3       org.eclipse.swt.layout.FormData::getRightAttachment (328 bytes)
Event: 5925.298 Thread 0x00007fc89104d000 nmethod 1743 0x00000001117eb990 code [0x00000001117ebce0, 0x00000001117edf58]
Event: 5925.298 Thread 0x00007fc89104d000 1744       3       org.eclipse.swt.widgets.Composite::findDeferredControl (19 bytes)
Event: 5925.299 Thread 0x00007fc89104d000 nmethod 1744 0x00000001115335d0 code [0x0000000111533740, 0x00000001115339a8]
Event: 5925.350 Thread 0x00007fc89104c800 1745 %     4       org.eclipse.swt.graphics.Region::polyToRgn @ 102 (465 bytes)
Event: 5925.376 Thread 0x00007fc89104c800 nmethod 1745% 0x00000001116f3290 code [0x00000001116f3480, 0x00000001116f3f90]

GC Heap History (10 events):
Event: 1576.198 GC heap before
{Heap before GC invocations=13 (full 0):
 PSYoungGen      total 406528K, used 406464K [0x0000000795580000, 0x00000007bf380000, 0x00000007c0000000)
  eden space 406016K, 100% used [0x0000000795580000,0x00000007ae200000,0x00000007ae200000)
  from space 512K, 87% used [0x00000007bf300000,0x00000007bf370000,0x00000007bf380000)
  to   space 4608K, 0% used [0x00000007bea80000,0x00000007bea80000,0x00000007bef00000)
 ParOldGen       total 87552K, used 2927K [0x0000000740000000, 0x0000000745580000, 0x0000000795580000)
  object space 87552K, 3% used [0x0000000740000000,0x00000007402dbf68,0x0000000745580000)
 Metaspace       used 10320K, capacity 10482K, committed 10752K, reserved 1058816K
  class space    used 1144K, capacity 1221K, committed 1280K, reserved 1048576K
Event: 1576.199 GC heap after
Heap after GC invocations=13 (full 0):
 PSYoungGen      total 392192K, used 352K [0x0000000795580000, 0x00000007bf380000, 0x00000007c0000000)
  eden space 387584K, 0% used [0x0000000795580000,0x0000000795580000,0x00000007ad000000)
  from space 4608K, 7% used [0x00000007bea80000,0x00000007bead8000,0x00000007bef00000)
  to   space 4608K, 0% used [0x00000007bef00000,0x00000007bef00000,0x00000007bf380000)
 ParOldGen       total 87552K, used 2935K [0x0000000740000000, 0x0000000745580000, 0x0000000795580000)
  object space 87552K, 3% used [0x0000000740000000,0x00000007402ddf68,0x0000000745580000)
 Metaspace       used 10320K, capacity 10482K, committed 10752K, reserved 1058816K
  class space    used 1144K, capacity 1221K, committed 1280K, reserved 1048576K
}
Event: 1586.499 GC heap before
{Heap before GC invocations=14 (full 0):
 PSYoungGen      total 392192K, used 387936K [0x0000000795580000, 0x00000007bf380000, 0x00000007c0000000)
  eden space 387584K, 100% used [0x0000000795580000,0x00000007ad000000,0x00000007ad000000)
  from space 4608K, 7% used [0x00000007bea80000,0x00000007bead8000,0x00000007bef00000)
  to   space 4608K, 0% used [0x00000007bef00000,0x00000007bef00000,0x00000007bf380000)
 ParOldGen       total 87552K, used 2935K [0x0000000740000000, 0x0000000745580000, 0x0000000795580000)
  object space 87552K, 3% used [0x0000000740000000,0x00000007402ddf68,0x0000000745580000)
 Metaspace       used 10320K, capacity 10482K, committed 10752K, reserved 1058816K
  class space    used 1144K, capacity 1221K, committed 1280K, reserved 1048576K
Event: 1586.500 GC heap after
Heap after GC invocations=14 (full 0):
 PSYoungGen      total 370688K, used 320K [0x0000000795580000, 0x00000007bef80000, 0x00000007c0000000)
  eden space 370176K, 0% used [0x0000000795580000,0x0000000795580000,0x00000007abf00000)
  from space 512K, 62% used [0x00000007bef00000,0x00000007bef50000,0x00000007bef80000)
  to   space 4096K, 0% used [0x00000007be780000,0x00000007be780000,0x00000007beb80000)
 ParOldGen       total 87552K, used 2943K [0x0000000740000000, 0x0000000745580000, 0x0000000795580000)
  object space 87552K, 3% used [0x0000000740000000,0x00000007402dff68,0x0000000745580000)
 Metaspace       used 10320K, capacity 10482K, committed 10752K, reserved 1058816K
  class space    used 1144K, capacity 1221K, committed 1280K, reserved 1048576K
}
Event: 2125.452 GC heap before
{Heap before GC invocations=15 (full 0):
 PSYoungGen      total 370688K, used 370496K [0x0000000795580000, 0x00000007bef80000, 0x00000007c0000000)
  eden space 370176K, 100% used [0x0000000795580000,0x00000007abf00000,0x00000007abf00000)
  from space 512K, 62% used [0x00000007bef00000,0x00000007bef50000,0x00000007bef80000)
  to   space 4096K, 0% used [0x00000007be780000,0x00000007be780000,0x00000007beb80000)
 ParOldGen       total 87552K, used 2943K [0x0000000740000000, 0x0000000745580000, 0x0000000795580000)
  object space 87552K, 3% used [0x0000000740000000,0x00000007402dff68,0x0000000745580000)
 Metaspace       used 10337K, capacity 10546K, committed 10752K, reserved 1058816K
  class space    used 1144K, capacity 1221K, committed 1280K, reserved 1048576K
Event: 2125.453 GC heap after
Heap after GC invocations=15 (full 0):
 PSYoungGen      total 357376K, used 416K [0x0000000795580000, 0x00000007bef80000, 0x00000007c0000000)
  eden space 353280K, 0% used [0x0000000795580000,0x0000000795580000,0x00000007aae80000)
  from space 4096K, 10% used [0x00000007be780000,0x00000007be7e8000,0x00000007beb80000)
  to   space 4096K, 0% used [0x00000007beb80000,0x00000007beb80000,0x00000007bef80000)
 ParOldGen       total 87552K, used 2951K [0x0000000740000000, 0x0000000745580000, 0x0000000795580000)
  object space 87552K, 3% used [0x0000000740000000,0x00000007402e1f68,0x0000000745580000)
 Metaspace       used 10337K, capacity 10546K, committed 10752K, reserved 1058816K
  class space    used 1144K, capacity 1221K, committed 1280K, reserved 1048576K
}
Event: 2146.435 GC heap before
{Heap before GC invocations=16 (full 0):
 PSYoungGen      total 357376K, used 353696K [0x0000000795580000, 0x00000007bef80000, 0x00000007c0000000)
  eden space 353280K, 100% used [0x0000000795580000,0x00000007aae80000,0x00000007aae80000)
  from space 4096K, 10% used [0x00000007be780000,0x00000007be7e8000,0x00000007beb80000)
  to   space 4096K, 0% used [0x00000007beb80000,0x00000007beb80000,0x00000007bef80000)
 ParOldGen       total 87552K, used 2951K [0x0000000740000000, 0x0000000745580000, 0x0000000795580000)
  object space 87552K, 3% used [0x0000000740000000,0x00000007402e1f68,0x0000000745580000)
 Metaspace       used 10347K, capacity 10546K, committed 10752K, reserved 1058816K
  class space    used 1144K, capacity 1221K, committed 1280K, reserved 1048576K
Event: 2146.436 GC heap after
Heap after GC invocations=16 (full 0):
 PSYoungGen      total 337920K, used 416K [0x0000000795580000, 0x00000007bec00000, 0x00000007c0000000)
  eden space 337408K, 0% used [0x0000000795580000,0x0000000795580000,0x00000007a9f00000)
  from space 512K, 81% used [0x00000007beb80000,0x00000007bebe8000,0x00000007bec00000)
  to   space 4096K, 0% used [0x00000007be400000,0x00000007be400000,0x00000007be800000)
 ParOldGen       total 87552K, used 2967K [0x0000000740000000, 0x0000000745580000, 0x0000000795580000)
  object space 87552K, 3% used [0x0000000740000000,0x00000007402e5f68,0x0000000745580000)
 Metaspace       used 10347K, capacity 10546K, committed 10752K, reserved 1058816K
  class space    used 1144K, capacity 1221K, committed 1280K, reserved 1048576K
}
Event: 2184.302 GC heap before
{Heap before GC invocations=17 (full 0):
 PSYoungGen      total 337920K, used 337824K [0x0000000795580000, 0x00000007bec00000, 0x00000007c0000000)
  eden space 337408K, 100% used [0x0000000795580000,0x00000007a9f00000,0x00000007a9f00000)
  from space 512K, 81% used [0x00000007beb80000,0x00000007bebe8000,0x00000007bec00000)
  to   space 4096K, 0% used [0x00000007be400000,0x00000007be400000,0x00000007be800000)
 ParOldGen       total 87552K, used 2967K [0x0000000740000000, 0x0000000745580000, 0x0000000795580000)
  object space 87552K, 3% used [0x0000000740000000,0x00000007402e5f68,0x0000000745580000)
 Metaspace       used 10363K, capacity 10610K, committed 10752K, reserved 1058816K
  class space    used 1145K, capacity 1221K, committed 1280K, reserved 1048576K
Event: 2184.303 GC heap after
Heap after GC invocations=17 (full 0):
 PSYoungGen      total 326656K, used 352K [0x0000000795580000, 0x00000007bec00000, 0x00000007c0000000)
  eden space 322560K, 0% used [0x0000000795580000,0x0000000795580000,0x00000007a9080000)
  from space 4096K, 8% used [0x00000007be400000,0x00000007be458000,0x00000007be800000)
  to   space 4096K, 0% used [0x00000007be800000,0x00000007be800000,0x00000007bec00000)
 ParOldGen       total 87552K, used 2983K [0x0000000740000000, 0x0000000745580000, 0x0000000795580000)
  object space 87552K, 3% used [0x0000000740000000,0x00000007402e9f68,0x0000000745580000)
 Metaspace       used 10363K, capacity 10610K, committed 10752K, reserved 1058816K
  class space    used 1145K, capacity 1221K, committed 1280K, reserved 1048576K
}

Deoptimization events (10 events):
Event: 1989.317 Thread 0x00007fc892002000 Uncommon trap: reason=class_check action=maybe_recompile pc=0x000000011151f5b8 method=org.eclipse.swt.graphics.GC.<init>(Lorg/eclipse/swt/graphics/Drawable;I)V @ 58
Event: 1989.318 Thread 0x00007fc892002000 Uncommon trap: reason=bimorphic action=maybe_recompile pc=0x0000000111521e48 method=org.eclipse.swt.graphics.GC.destroy()V @ 283
Event: 1989.318 Thread 0x00007fc892002000 Uncommon trap: reason=class_check action=maybe_recompile pc=0x000000011151f5b8 method=org.eclipse.swt.graphics.GC.<init>(Lorg/eclipse/swt/graphics/Drawable;I)V @ 58
Event: 1989.318 Thread 0x00007fc892002000 Uncommon trap: reason=bimorphic action=maybe_recompile pc=0x0000000111521e48 method=org.eclipse.swt.graphics.GC.destroy()V @ 283
Event: 1989.362 Thread 0x00007fc892002000 Uncommon trap: reason=bimorphic action=maybe_recompile pc=0x000000011173797c method=org.eclipse.swt.widgets.Control.fillBackground(Lorg/eclipse/swt/internal/cocoa/NSView;Lorg/eclipse/swt/internal/cocoa/NSGraphicsContext;Lorg/eclipse/swt/internal/cocoa/NSR
Event: 1989.369 Thread 0x00007fc892002000 Uncommon trap: reason=unstable_if action=reinterpret pc=0x00000001112ba83c method=org.eclipse.swt.widgets.Display.getWidgetColor(I)Lorg/eclipse/swt/graphics/Color; @ 20
Event: 1989.374 Thread 0x00007fc892002000 Uncommon trap: reason=bimorphic action=maybe_recompile pc=0x000000011173797c method=org.eclipse.swt.widgets.Control.fillBackground(Lorg/eclipse/swt/internal/cocoa/NSView;Lorg/eclipse/swt/internal/cocoa/NSGraphicsContext;Lorg/eclipse/swt/internal/cocoa/NSR
Event: 1989.379 Thread 0x00007fc892002000 Uncommon trap: reason=bimorphic action=maybe_recompile pc=0x000000011173797c method=org.eclipse.swt.widgets.Control.fillBackground(Lorg/eclipse/swt/internal/cocoa/NSView;Lorg/eclipse/swt/internal/cocoa/NSGraphicsContext;Lorg/eclipse/swt/internal/cocoa/NSR
Event: 1989.379 Thread 0x00007fc892002000 Uncommon trap: reason=bimorphic action=maybe_recompile pc=0x000000011173797c method=org.eclipse.swt.widgets.Control.fillBackground(Lorg/eclipse/swt/internal/cocoa/NSView;Lorg/eclipse/swt/internal/cocoa/NSGraphicsContext;Lorg/eclipse/swt/internal/cocoa/NSR
Event: 5915.007 Thread 0x00007fc892002000 Uncommon trap: reason=unstable_if action=reinterpret pc=0x00000001116b187c method=org.eclipse.swt.widgets.Display.windowProc(JJJ)J @ 944

Internal exceptions (10 events):
Event: 0.718 Thread 0x00007fc892002000 Exception <a 'java/lang/ClassNotFoundException': org/apache/log4j/AppenderSkeletonBeanInfo> (0x0000000796aa04a0) thrown at [/HUDSON3/workspace/8-2-build-macosx-x86_64/jdk8u101/7261/hotspot/src/share/vm/classfile/systemDictionary.cpp, line 210]
Event: 0.719 Thread 0x00007fc892002000 Exception <a 'java/lang/ClassNotFoundException': org/apache/log4j/AppenderSkeletonCustomizer> (0x0000000796ab7588) thrown at [/HUDSON3/workspace/8-2-build-macosx-x86_64/jdk8u101/7261/hotspot/src/share/vm/classfile/systemDictionary.cpp, line 210]
Event: 0.721 Thread 0x00007fc892002000 Exception <a 'java/lang/ClassNotFoundException': org/apache/log4j/WriterAppenderCustomizer> (0x0000000796ae5e00) thrown at [/HUDSON3/workspace/8-2-build-macosx-x86_64/jdk8u101/7261/hotspot/src/share/vm/classfile/systemDictionary.cpp, line 210]
Event: 0.723 Thread 0x00007fc892002000 Exception <a 'java/lang/ClassNotFoundException': org/apache/log4j/FileAppenderCustomizer> (0x0000000796b07928) thrown at [/HUDSON3/workspace/8-2-build-macosx-x86_64/jdk8u101/7261/hotspot/src/share/vm/classfile/systemDictionary.cpp, line 210]
Event: 0.725 Thread 0x00007fc892002000 Exception <a 'java/lang/ClassNotFoundException': org/apache/log4j/RollingFileAppenderCustomizer> (0x0000000796b2bf38) thrown at [/HUDSON3/workspace/8-2-build-macosx-x86_64/jdk8u101/7261/hotspot/src/share/vm/classfile/systemDictionary.cpp, line 210]
Event: 0.728 Thread 0x00007fc892002000 Implicit null exception at 0x00000001113888b5 to 0x0000000111388c5d
Event: 7.373 Thread 0x00007fc892002000 Exception <a 'java/lang/NoSuchFieldError': method resolution failed> (0x000000079745b7a0) thrown at [/HUDSON3/workspace/8-2-build-macosx-x86_64/jdk8u101/7261/hotspot/src/share/vm/prims/methodHandles.cpp, line 1146]
Event: 7.375 Thread 0x00007fc892002000 Exception <a 'java/lang/NoSuchFieldError': method resolution failed> (0x0000000797468e90) thrown at [/HUDSON3/workspace/8-2-build-macosx-x86_64/jdk8u101/7261/hotspot/src/share/vm/prims/methodHandles.cpp, line 1146]
Event: 7.402 Thread 0x00007fc892002000 Exception <a 'java/lang/NoSuchMethodError': <clinit>> (0x0000000797527528) thrown at [/HUDSON3/workspace/8-2-build-macosx-x86_64/jdk8u101/7261/hotspot/src/share/vm/prims/jni.cpp, line 1613]
Event: 7.416 Thread 0x00007fc892002000 Exception <a 'java/lang/NoSuchMethodError': <clinit>> (0x0000000797585f18) thrown at [/HUDSON3/workspace/8-2-build-macosx-x86_64/jdk8u101/7261/hotspot/src/share/vm/prims/jni.cpp, line 1613]

Events (10 events):
Event: 10121.036 Thread 0x00007fc891053000 Thread added: 0x00007fc891053000
Event: 10121.037 loading class java/util/IdentityHashMap$KeySet
Event: 10121.038 loading class java/util/IdentityHashMap$KeySet done
Event: 10121.038 loading class java/util/IdentityHashMap$KeyIterator
Event: 10121.038 loading class java/util/IdentityHashMap$IdentityHashMapIterator
Event: 10121.038 loading class java/util/IdentityHashMap$IdentityHashMapIterator done
Event: 10121.038 loading class java/util/IdentityHashMap$KeyIterator done
Event: 10121.039 Thread 0x00007fc8929b2800 Thread added: 0x00007fc8929b2800
Event: 10121.039 Thread 0x00007fc8929b2800 Thread exited: 0x00007fc8929b2800
Event: 10121.040 Executing VM operation: Exit


Dynamic libraries:
0x000000000613a000 	/System/Library/Frameworks/Cocoa.framework/Versions/A/Cocoa
0x000000010ed1b000 	/System/Library/Frameworks/Security.framework/Versions/A/Security
0x000000000613a000 	/System/Library/Frameworks/ApplicationServices.framework/Versions/A/ApplicationServices
0x000000000613a000 	/usr/lib/libz.1.dylib
0x000000000613a000 	/usr/lib/libSystem.B.dylib
0x000000000613a000 	/usr/lib/libobjc.A.dylib
0x000000000613a000 	/System/Library/Frameworks/CoreFoundation.framework/Versions/A/CoreFoundation
0x000000000613a000 	/System/Library/Frameworks/Foundation.framework/Versions/C/Foundation
0x000000000613a000 	/System/Library/Frameworks/AppKit.framework/Versions/C/AppKit
0x000000000613a000 	/System/Library/Frameworks/CoreData.framework/Versions/A/CoreData
0x000000000613a000 	/System/Library/PrivateFrameworks/RemoteViewServices.framework/Versions/A/RemoteViewServices
0x000000000613a000 	/System/Library/PrivateFrameworks/UIFoundation.framework/Versions/A/UIFoundation
0x000000000613a000 	/usr/lib/libScreenReader.dylib
0x000000000613a000 	/System/Library/Frameworks/Accelerate.framework/Versions/A/Accelerate
0x000000000613a000 	/System/Library/Frameworks/IOSurface.framework/Versions/A/IOSurface
0x000000000613a000 	/System/Library/Frameworks/AudioToolbox.framework/Versions/A/AudioToolbox
0x000000000613a000 	/System/Library/Frameworks/AudioUnit.framework/Versions/A/AudioUnit
0x000000000613a000 	/System/Library/PrivateFrameworks/DataDetectorsCore.framework/Versions/A/DataDetectorsCore
0x000000000613a000 	/System/Library/PrivateFrameworks/DesktopServicesPriv.framework/Versions/A/DesktopServicesPriv
0x000000000613a000 	/System/Library/Frameworks/Carbon.framework/Versions/A/Frameworks/HIToolbox.framework/Versions/A/HIToolbox
0x000000000613a000 	/System/Library/Frameworks/QuartzCore.framework/Versions/A/QuartzCore
0x000000000613a000 	/System/Library/Frameworks/Carbon.framework/Versions/A/Frameworks/SpeechRecognition.framework/Versions/A/SpeechRecognition
0x000000000613a000 	/usr/lib/libauto.dylib
0x000000000613a000 	/usr/lib/libicucore.A.dylib
0x000000000613a000 	/usr/lib/libxml2.2.dylib
0x000000000613a000 	/System/Library/PrivateFrameworks/CoreUI.framework/Versions/A/CoreUI
0x000000000613a000 	/System/Library/Frameworks/CoreAudio.framework/Versions/A/CoreAudio
0x000000000613a000 	/System/Library/Frameworks/DiskArbitration.framework/Versions/A/DiskArbitration
0x000000000613a000 	/usr/lib/liblangid.dylib
0x000000000613a000 	/System/Library/PrivateFrameworks/MultitouchSupport.framework/Versions/A/MultitouchSupport
0x000000000613a000 	/System/Library/Frameworks/IOKit.framework/Versions/A/IOKit
0x000000000613a000 	/usr/lib/libDiagnosticMessagesClient.dylib
0x000000000613a000 	/System/Library/Frameworks/CoreServices.framework/Versions/A/CoreServices
0x000000000613a000 	/System/Library/PrivateFrameworks/PerformanceAnalysis.framework/Versions/A/PerformanceAnalysis
0x000000000613a000 	/System/Library/PrivateFrameworks/GenerationalStorage.framework/Versions/A/GenerationalStorage
0x000000000613a000 	/System/Library/Frameworks/OpenGL.framework/Versions/A/OpenGL
0x000000000613a000 	/System/Library/PrivateFrameworks/Sharing.framework/Versions/A/Sharing
0x000000000613a000 	/System/Library/Frameworks/CoreGraphics.framework/Versions/A/CoreGraphics
0x000000000613a000 	/System/Library/Frameworks/CoreImage.framework/Versions/A/CoreImage
0x000000000613a000 	/System/Library/Frameworks/CoreText.framework/Versions/A/CoreText
0x000000000613a000 	/System/Library/Frameworks/ImageIO.framework/Versions/A/ImageIO
0x000000000613a000 	/System/Library/PrivateFrameworks/Backup.framework/Versions/A/Backup
0x000000000613a000 	/usr/lib/libextension.dylib
0x000000000613a000 	/usr/lib/libarchive.2.dylib
0x000000010f13c000 	/System/Library/Frameworks/CFNetwork.framework/Versions/A/CFNetwork
0x000000000613a000 	/System/Library/Frameworks/SystemConfiguration.framework/Versions/A/SystemConfiguration
0x000000000613a000 	/usr/lib/libCRFSuite.dylib
0x000000000613a000 	/usr/lib/libc++.1.dylib
0x000000000613a000 	/usr/lib/libc++abi.dylib
0x000000000613a000 	/usr/lib/system/libcache.dylib
0x000000000613a000 	/usr/lib/system/libcommonCrypto.dylib
0x000000000613a000 	/usr/lib/system/libcompiler_rt.dylib
0x000000000613a000 	/usr/lib/system/libcopyfile.dylib
0x000000000613a000 	/usr/lib/system/libcorecrypto.dylib
0x000000000613a000 	/usr/lib/system/libdispatch.dylib
0x000000000613a000 	/usr/lib/system/libdyld.dylib
0x000000000613a000 	/usr/lib/system/libkeymgr.dylib
0x000000000613a000 	/usr/lib/system/liblaunch.dylib
0x000000000613a000 	/usr/lib/system/libmacho.dylib
0x000000000613a000 	/usr/lib/system/libquarantine.dylib
0x000000000613a000 	/usr/lib/system/libremovefile.dylib
0x000000000613a000 	/usr/lib/system/libsystem_asl.dylib
0x000000000613a000 	/usr/lib/system/libsystem_blocks.dylib
0x000000000613a000 	/usr/lib/system/libsystem_c.dylib
0x000000000613a000 	/usr/lib/system/libsystem_configuration.dylib
0x000000000613a000 	/usr/lib/system/libsystem_coreservices.dylib
0x000000000613a000 	/usr/lib/system/libsystem_coretls.dylib
0x000000000613a000 	/usr/lib/system/libsystem_dnssd.dylib
0x000000000613a000 	/usr/lib/system/libsystem_info.dylib
0x000000000613a000 	/usr/lib/system/libsystem_kernel.dylib
0x000000000613a000 	/usr/lib/system/libsystem_m.dylib
0x000000000613a000 	/usr/lib/system/libsystem_malloc.dylib
0x000000000613a000 	/usr/lib/system/libsystem_network.dylib
0x000000000613a000 	/usr/lib/system/libsystem_networkextension.dylib
0x000000000613a000 	/usr/lib/system/libsystem_notify.dylib
0x000000000613a000 	/usr/lib/system/libsystem_platform.dylib
0x000000000613a000 	/usr/lib/system/libsystem_pthread.dylib
0x000000000613a000 	/usr/lib/system/libsystem_sandbox.dylib
0x000000000613a000 	/usr/lib/system/libsystem_secinit.dylib
0x000000000613a000 	/usr/lib/system/libsystem_trace.dylib
0x000000000613a000 	/usr/lib/system/libunc.dylib
0x000000000613a000 	/usr/lib/system/libunwind.dylib
0x000000000613a000 	/usr/lib/system/libxpc.dylib
0x000000000613a000 	/usr/lib/libenergytrace.dylib
0x000000000613a000 	/usr/lib/libbsm.0.dylib
0x000000000613a000 	/usr/lib/system/libkxld.dylib
0x000000000613a000 	/usr/lib/libxar.1.dylib
0x000000000613a000 	/usr/lib/libsqlite3.dylib
0x000000000613a000 	/usr/lib/libpam.2.dylib
0x000000000613a000 	/usr/lib/libOpenScriptingUtil.dylib
0x000000000613a000 	/usr/lib/libbz2.1.0.dylib
0x000000000613a000 	/usr/lib/liblzma.5.dylib
0x000000000613a000 	/System/Library/Frameworks/CoreServices.framework/Versions/A/Frameworks/FSEvents.framework/Versions/A/FSEvents
0x000000000613a000 	/System/Library/Frameworks/CoreServices.framework/Versions/A/Frameworks/CarbonCore.framework/Versions/A/CarbonCore
0x000000000613a000 	/System/Library/Frameworks/CoreServices.framework/Versions/A/Frameworks/Metadata.framework/Versions/A/Metadata
0x000000000613a000 	/System/Library/Frameworks/CoreServices.framework/Versions/A/Frameworks/OSServices.framework/Versions/A/OSServices
0x000000000613a000 	/System/Library/Frameworks/CoreServices.framework/Versions/A/Frameworks/SearchKit.framework/Versions/A/SearchKit
0x000000000613a000 	/System/Library/Frameworks/CoreServices.framework/Versions/A/Frameworks/AE.framework/Versions/A/AE
0x000000000613a000 	/System/Library/Frameworks/CoreServices.framework/Versions/A/Frameworks/LaunchServices.framework/Versions/A/LaunchServices
0x000000000613a000 	/System/Library/Frameworks/CoreServices.framework/Versions/A/Frameworks/DictionaryServices.framework/Versions/A/DictionaryServices
0x000000000613a000 	/System/Library/Frameworks/CoreServices.framework/Versions/A/Frameworks/SharedFileList.framework/Versions/A/SharedFileList
0x000000000613a000 	/System/Library/Frameworks/NetFS.framework/Versions/A/NetFS
0x000000000613a000 	/System/Library/PrivateFrameworks/NetAuth.framework/Versions/A/NetAuth
0x000000000613a000 	/System/Library/PrivateFrameworks/login.framework/Versions/A/Frameworks/loginsupport.framework/Versions/A/loginsupport
0x000000000613a000 	/System/Library/PrivateFrameworks/TCC.framework/Versions/A/TCC
0x000000000613a000 	/usr/lib/libmecabra.dylib
0x000000000613a000 	/System/Library/Frameworks/ApplicationServices.framework/Versions/A/Frameworks/ATS.framework/Versions/A/ATS
0x000000000613a000 	/System/Library/Frameworks/ApplicationServices.framework/Versions/A/Frameworks/ColorSync.framework/Versions/A/ColorSync
0x000000000613a000 	/System/Library/Frameworks/ApplicationServices.framework/Versions/A/Frameworks/HIServices.framework/Versions/A/HIServices
0x000000000613a000 	/System/Library/Frameworks/ApplicationServices.framework/Versions/A/Frameworks/LangAnalysis.framework/Versions/A/LangAnalysis
0x000000000613a000 	/System/Library/Frameworks/ApplicationServices.framework/Versions/A/Frameworks/PrintCore.framework/Versions/A/PrintCore
0x000000000613a000 	/System/Library/Frameworks/ApplicationServices.framework/Versions/A/Frameworks/QD.framework/Versions/A/QD
0x000000000613a000 	/System/Library/Frameworks/ApplicationServices.framework/Versions/A/Frameworks/SpeechSynthesis.framework/Versions/A/SpeechSynthesis
0x000000000613a000 	/System/Library/Frameworks/Metal.framework/Versions/A/Metal
0x000000000613a000 	/System/Library/Frameworks/Accelerate.framework/Versions/A/Frameworks/vImage.framework/Versions/A/vImage
0x000000000613a000 	/System/Library/Frameworks/Accelerate.framework/Versions/A/Frameworks/vecLib.framework/Versions/A/vecLib
0x000000000613a000 	/System/Library/Frameworks/Accelerate.framework/Versions/A/Frameworks/vecLib.framework/Versions/A/libvDSP.dylib
0x000000000613a000 	/System/Library/Frameworks/Accelerate.framework/Versions/A/Frameworks/vecLib.framework/Versions/A/libvMisc.dylib
0x000000000613a000 	/System/Library/Frameworks/Accelerate.framework/Versions/A/Frameworks/vecLib.framework/Versions/A/libLAPACK.dylib
0x000000000613a000 	/System/Library/Frameworks/Accelerate.framework/Versions/A/Frameworks/vecLib.framework/Versions/A/libBLAS.dylib
0x000000000613a000 	/System/Library/Frameworks/Accelerate.framework/Versions/A/Frameworks/vecLib.framework/Versions/A/libLinearAlgebra.dylib
0x000000000613a000 	/System/Library/Frameworks/Accelerate.framework/Versions/A/Frameworks/vecLib.framework/Versions/A/libSparseBLAS.dylib
0x000000000613a000 	/System/Library/PrivateFrameworks/GPUCompiler.framework/libmetal_timestamp.dylib
0x000000000613a000 	/System/Library/Frameworks/OpenGL.framework/Versions/A/Libraries/libCoreFSCache.dylib
0x000000000613a000 	/System/Library/PrivateFrameworks/IOAccelerator.framework/Versions/A/IOAccelerator
0x000000000613a000 	/System/Library/Frameworks/ApplicationServices.framework/Versions/A/Frameworks/ATS.framework/Versions/A/Resources/libFontParser.dylib
0x000000000613a000 	/System/Library/Frameworks/ApplicationServices.framework/Versions/A/Frameworks/ATS.framework/Versions/A/Resources/libFontRegistry.dylib
0x000000000613a000 	/System/Library/PrivateFrameworks/AppleVPA.framework/Versions/A/AppleVPA
0x000000000613a000 	/System/Library/PrivateFrameworks/AppleJPEG.framework/Versions/A/AppleJPEG
0x000000000613a000 	/System/Library/Frameworks/ImageIO.framework/Versions/A/Resources/libJPEG.dylib
0x000000000613a000 	/System/Library/Frameworks/ImageIO.framework/Versions/A/Resources/libTIFF.dylib
0x000000000613a000 	/System/Library/Frameworks/ImageIO.framework/Versions/A/Resources/libPng.dylib
0x000000000613a000 	/System/Library/Frameworks/ImageIO.framework/Versions/A/Resources/libGIF.dylib
0x000000000613a000 	/System/Library/Frameworks/ImageIO.framework/Versions/A/Resources/libJP2.dylib
0x000000000613a000 	/System/Library/Frameworks/ImageIO.framework/Versions/A/Resources/libRadiance.dylib
0x000000000613a000 	/System/Library/Frameworks/CoreVideo.framework/Versions/A/CoreVideo
0x000000000613a000 	/System/Library/Frameworks/OpenGL.framework/Versions/A/Libraries/libGLU.dylib
0x000000000613a000 	/System/Library/Frameworks/OpenGL.framework/Versions/A/Libraries/libGFXShared.dylib
0x000000000613a000 	/System/Library/Frameworks/OpenGL.framework/Versions/A/Libraries/libGL.dylib
0x000000000613a000 	/System/Library/Frameworks/OpenGL.framework/Versions/A/Libraries/libGLImage.dylib
0x000000000613a000 	/System/Library/Frameworks/OpenGL.framework/Versions/A/Libraries/libCVMSPluginSupport.dylib
0x000000000613a000 	/System/Library/Frameworks/OpenGL.framework/Versions/A/Libraries/libCoreVMClient.dylib
0x000000000613a000 	/usr/lib/libcompression.dylib
0x000000000613a000 	/usr/lib/libcups.2.dylib
0x000000000613a000 	/System/Library/Frameworks/Kerberos.framework/Versions/A/Kerberos
0x000000000613a000 	/System/Library/Frameworks/GSS.framework/Versions/A/GSS
0x000000000613a000 	/usr/lib/libresolv.9.dylib
0x000000000613a000 	/usr/lib/libiconv.2.dylib
0x000000000613a000 	/System/Library/PrivateFrameworks/Heimdal.framework/Versions/A/Heimdal
0x000000000613a000 	/usr/lib/libheimdal-asn1.dylib
0x000000000613a000 	/System/Library/Frameworks/OpenDirectory.framework/Versions/A/OpenDirectory
0x000000000613a000 	/System/Library/PrivateFrameworks/CommonAuth.framework/Versions/A/CommonAuth
0x000000000613a000 	/System/Library/Frameworks/OpenDirectory.framework/Versions/A/Frameworks/CFOpenDirectory.framework/Versions/A/CFOpenDirectory
0x000000000613a000 	/System/Library/Frameworks/SecurityFoundation.framework/Versions/A/SecurityFoundation
0x000000000613a000 	/System/Library/PrivateFrameworks/LanguageModeling.framework/Versions/A/LanguageModeling
0x000000000613a000 	/usr/lib/libmarisa.dylib
0x000000000613a000 	/usr/lib/libChineseTokenizer.dylib
0x000000000613a000 	/usr/lib/libcmph.dylib
0x000000000613a000 	/System/Library/Frameworks/ServiceManagement.framework/Versions/A/ServiceManagement
0x000000000613a000 	/usr/lib/libxslt.1.dylib
0x000000000613a000 	/System/Library/Frameworks/Carbon.framework/Versions/A/Frameworks/Ink.framework/Versions/A/Ink
0x000000000613a000 	/usr/lib/libFosl_dynamic.dylib
0x000000000613a000 	/System/Library/PrivateFrameworks/FaceCore.framework/Versions/A/FaceCore
0x000000000613a000 	/System/Library/Frameworks/OpenCL.framework/Versions/A/OpenCL
0x000000000613a000 	/System/Library/PrivateFrameworks/CrashReporterSupport.framework/Versions/A/CrashReporterSupport
0x000000000613a000 	/System/Library/PrivateFrameworks/IconServices.framework/Versions/A/IconServices
0x000000000613a000 	/System/Library/PrivateFrameworks/Apple80211.framework/Versions/A/Apple80211
0x000000000613a000 	/System/Library/Frameworks/CoreWLAN.framework/Versions/A/CoreWLAN
0x000000000613a000 	/System/Library/Frameworks/IOBluetooth.framework/Versions/A/IOBluetooth
0x000000000613a000 	/System/Library/PrivateFrameworks/CoreWiFi.framework/Versions/A/CoreWiFi
0x000000000613a000 	/System/Library/Frameworks/CoreBluetooth.framework/Versions/A/CoreBluetooth
0x000000000613a000 	/System/Library/PrivateFrameworks/ChunkingLibrary.framework/Versions/A/ChunkingLibrary
0x000000000613a000 	/System/Library/PrivateFrameworks/DebugSymbols.framework/Versions/A/DebugSymbols
0x000000000613a000 	/System/Library/PrivateFrameworks/CoreSymbolication.framework/Versions/A/CoreSymbolication
0x000000000613a000 	/System/Library/PrivateFrameworks/Symbolication.framework/Versions/A/Symbolication
0x000000000613a000 	/System/Library/PrivateFrameworks/SpeechRecognitionCore.framework/Versions/A/SpeechRecognitionCore
0x000000010f7dc000 	/System/Library/CoreServices/Encodings/libSimplifiedChineseConverter.dylib
0x0000000110200000 	/Library/Java/JavaVirtualMachines/jdk1.8.0_101.jdk/Contents/Home/jre/lib/server/libjvm.dylib
0x000000000613a000 	/usr/lib/libstdc++.6.dylib
0x000000010f822000 	/Library/Java/JavaVirtualMachines/jdk1.8.0_101.jdk/Contents/Home/jre/lib/libverify.dylib
0x000000010f830000 	/Library/Java/JavaVirtualMachines/jdk1.8.0_101.jdk/Contents/Home/jre/lib/libjava.dylib
0x000000010f86e000 	/Library/Java/JavaVirtualMachines/jdk1.8.0_101.jdk/Contents/Home/jre/lib/libzip.dylib
0x000000012698e000 	/System/Library/Frameworks/JavaVM.framework/Frameworks/JavaRuntimeSupport.framework/JavaRuntimeSupport
0x000000010f9ea000 	/System/Library/Frameworks/JavaVM.framework/Versions/A/Frameworks/JavaNativeFoundation.framework/Versions/A/JavaNativeFoundation
0x00000001269a9000 	/System/Library/Frameworks/JavaVM.framework/Versions/A/JavaVM
0x000000000613a000 	/System/Library/Frameworks/Carbon.framework/Versions/A/Carbon
0x00000001269b6000 	/System/Library/PrivateFrameworks/JavaLaunching.framework/Versions/A/JavaLaunching
0x000000000613a000 	/System/Library/Frameworks/Carbon.framework/Versions/A/Frameworks/CommonPanels.framework/Versions/A/CommonPanels
0x000000000613a000 	/System/Library/Frameworks/Carbon.framework/Versions/A/Frameworks/Help.framework/Versions/A/Help
0x000000000613a000 	/System/Library/Frameworks/Carbon.framework/Versions/A/Frameworks/ImageCapture.framework/Versions/A/ImageCapture
0x000000000613a000 	/System/Library/Frameworks/Carbon.framework/Versions/A/Frameworks/OpenScripting.framework/Versions/A/OpenScripting
0x000000000613a000 	/System/Library/Frameworks/Carbon.framework/Versions/A/Frameworks/Print.framework/Versions/A/Print
0x000000000613a000 	/System/Library/Frameworks/Carbon.framework/Versions/A/Frameworks/SecurityHI.framework/Versions/A/SecurityHI
0x00000001286cf000 	/Users/tony/.swt/lib/macosx/x86_64/libswt-cocoa-4527.jnilib
0x000000012871c000 	/System/Library/Frameworks/WebKit.framework/Versions/A/WebKit
0x0000000128ddc000 	/System/Library/Frameworks/JavaScriptCore.framework/Versions/A/JavaScriptCore
0x000000000613a000 	/System/Library/Frameworks/SecurityInterface.framework/Versions/A/SecurityInterface
0x000000012961b000 	/System/Library/Frameworks/WebKit.framework/Versions/A/Frameworks/WebKitLegacy.framework/Versions/A/WebKitLegacy
0x0000000129878000 	/System/Library/Frameworks/WebKit.framework/Versions/A/Frameworks/WebCore.framework/Versions/A/WebCore
0x000000012b3cc000 	/Users/tony/.swt/lib/macosx/x86_64/libswt-pi-cocoa-4527.jnilib
0x000000000613a000 	/System/Library/PrivateFrameworks/CoreServicesInternal.framework/Versions/A/CoreServicesInternal
0x000000012bc1c000 	/System/Library/Frameworks/CoreGraphics.framework/Versions/A/Resources/libCGXType.A.dylib
0x000000000613a000 	/System/Library/Frameworks/Accelerate.framework/Versions/A/Frameworks/vImage.framework/Versions/A/Libraries/libCGInterfaces.dylib
0x0000000130aea000 	/System/Library/Frameworks/CoreGraphics.framework/Versions/A/Resources/libRIP.A.dylib
0x000000000613a000 	/System/Library/PrivateFrameworks/FamilyControls.framework/Versions/A/FamilyControls
0x000000000613a000 	/System/Library/PrivateFrameworks/CommerceKit.framework/Versions/A/Frameworks/CommerceCore.framework/Versions/A/CommerceCore
0x000000000613a000 	/System/Library/PrivateFrameworks/SystemAdministration.framework/Versions/A/SystemAdministration
0x000000000613a000 	/System/Library/PrivateFrameworks/AppContainer.framework/Versions/A/AppContainer
0x000000000613a000 	/System/Library/PrivateFrameworks/SecCodeWrapper.framework/Versions/A/SecCodeWrapper
0x000000000613a000 	/System/Library/Frameworks/DirectoryService.framework/Versions/A/DirectoryService
0x000000000613a000 	/System/Library/PrivateFrameworks/DiskImages.framework/Versions/A/DiskImages
0x000000000613a000 	/System/Library/PrivateFrameworks/LoginUIKit.framework/Versions/A/Frameworks/LoginUICore.framework/Versions/A/LoginUICore
0x000000000613a000 	/usr/lib/libCoreStorage.dylib
0x000000000613a000 	/usr/lib/libcsfde.dylib
0x000000000613a000 	/usr/lib/libodfde.dylib
0x000000000613a000 	/System/Library/Frameworks/DiscRecording.framework/Versions/A/DiscRecording
0x000000000613a000 	/usr/lib/libcurl.4.dylib
0x000000000613a000 	/System/Library/PrivateFrameworks/MediaKit.framework/Versions/A/MediaKit
0x000000000613a000 	/System/Library/PrivateFrameworks/ProtectedCloudStorage.framework/Versions/A/ProtectedCloudStorage
0x000000000613a000 	/System/Library/PrivateFrameworks/EFILogin.framework/Versions/A/EFILogin
0x000000000613a000 	/usr/lib/libutil.dylib
0x000000000613a000 	/System/Library/PrivateFrameworks/FindMyDevice.framework/Versions/A/FindMyDevice
0x000000000613a000 	/System/Library/Frameworks/LDAP.framework/Versions/A/LDAP
0x000000000613a000 	/usr/lib/libsasl2.2.dylib
0x000000000613a000 	/System/Library/PrivateFrameworks/CoreDaemon.framework/Versions/B/CoreDaemon
0x000000000613a000 	/usr/lib/libcrypto.0.9.8.dylib
0x000000000613a000 	/System/Library/PrivateFrameworks/AppleSRP.framework/Versions/A/AppleSRP
0x000000000613a000 	/System/Library/PrivateFrameworks/TrustEvaluationAgent.framework/Versions/A/TrustEvaluationAgent
0x000000000613a000 	/System/Library/Frameworks/OpenCL.framework/Versions/A/Libraries/libcldcpuengine.dylib
0x0000000133edb000 	cl_kernels
0x000000000613a000 	/System/Library/Frameworks/OpenCL.framework/Versions/A/Libraries/ImageFormats/unorm8_bgra.dylib
0x000000000613a000 	/System/Library/Frameworks/OpenCL.framework/Versions/A/Libraries/ImageFormats/unorm8_rgba.dylib
0x0000000134002000 	/System/Library/Frameworks/CoreGraphics.framework/Versions/A/Resources/libCGXCoreImage.A.dylib
0x0000000134020000 	cl_kernels
0x000000000613a000 	/System/Library/PrivateFrameworks/FinderKit.framework/Versions/A/FinderKit
0x000000000613a000 	/System/Library/Frameworks/Quartz.framework/Versions/A/Frameworks/QuickLookUI.framework/Versions/A/QuickLookUI
0x000000000613a000 	/System/Library/Frameworks/Quartz.framework/Versions/A/Frameworks/ImageKit.framework/Versions/A/ImageKit
0x000000000613a000 	/System/Library/PrivateFrameworks/Bom.framework/Versions/A/Bom
0x000000000613a000 	/System/Library/Frameworks/QuickLook.framework/Versions/A/QuickLook
0x000000000613a000 	/System/Library/PrivateFrameworks/Suggestions.framework/Versions/A/Suggestions
0x000000000613a000 	/System/Library/PrivateFrameworks/AppleSystemInfo.framework/Versions/A/AppleSystemInfo
0x000000000613a000 	/System/Library/Frameworks/ImageCaptureCore.framework/Versions/A/ImageCaptureCore
0x000000013400f000 	/System/Library/PrivateFrameworks/SafariServices.framework/Versions/A/SafariServices
0x000000000613a000 	/usr/lib/libspindump.dylib
0x000000000613a000 	/System/Library/Frameworks/QTKit.framework/Versions/A/QTKit
0x000000000613a000 	/System/Library/Frameworks/AVFoundation.framework/Versions/A/AVFoundation
0x000000000613a000 	/System/Library/Frameworks/CoreMedia.framework/Versions/A/CoreMedia
0x000000000613a000 	/System/Library/Frameworks/MediaToolbox.framework/Versions/A/MediaToolbox
0x000000000613a000 	/System/Library/Frameworks/VideoToolbox.framework/Versions/A/VideoToolbox
0x000000000613a000 	/System/Library/PrivateFrameworks/CoreMediaAuthoring.framework/Versions/A/CoreMediaAuthoring
0x000000000613a000 	/System/Library/Frameworks/CoreMediaIO.framework/Versions/A/CoreMediaIO
0x000000000613a000 	/System/Library/Frameworks/AVFoundation.framework/Versions/A/Resources/libAVFAudio.dylib
0x000000000613a000 	/System/Library/PrivateFrameworks/CoreAVCHD.framework/Versions/A/CoreAVCHD
0x000000000613a000 	/System/Library/Frameworks/MediaAccessibility.framework/Versions/A/MediaAccessibility
0x000000000613a000 	/System/Library/PrivateFrameworks/Mangrove.framework/Versions/A/Mangrove
0x000000000613a000 	/System/Library/PrivateFrameworks/CoreAUC.framework/Versions/A/CoreAUC
0x000000000613a000 	/System/Library/PrivateFrameworks/AppleVA.framework/Versions/A/AppleVA
0x000000000613a000 	/System/Library/PrivateFrameworks/XPCService.framework/Versions/A/XPCService
0x000000000613a000 	/System/Library/PrivateFrameworks/AppSandbox.framework/Versions/A/AppSandbox
0x0000000134024000 	/usr/lib/libsandbox.1.dylib
0x000000000613a000 	/usr/lib/libMatch.1.dylib
0x000000000613a000 	/System/Library/PrivateFrameworks/DisplayServices.framework/Versions/A/DisplayServices
0x000000000613a000 	/System/Library/Frameworks/Quartz.framework/Versions/A/Frameworks/PDFKit.framework/Versions/A/PDFKit
0x000000000613a000 	/System/Library/Frameworks/Quartz.framework/Versions/A/Frameworks/QuartzComposer.framework/Versions/A/QuartzComposer
0x000000000613a000 	/System/Library/Frameworks/Quartz.framework/Versions/A/Frameworks/QuartzFilters.framework/Versions/A/QuartzFilters
0x000000000613a000 	/System/Library/PrivateFrameworks/CorePDF.framework/Versions/A/CorePDF
0x000000000613a000 	/System/Library/PrivateFrameworks/AppleFSCompression.framework/Versions/A/AppleFSCompression
0x000000000613a000 	/System/Library/Frameworks/AddressBook.framework/Versions/A/AddressBook
0x000000000613a000 	/System/Library/PrivateFrameworks/ContactsPersistence.framework/Versions/A/ContactsPersistence
0x000000000613a000 	/System/Library/PrivateFrameworks/ContactsFoundation.framework/Versions/A/ContactsFoundation
0x000000000613a000 	/System/Library/PrivateFrameworks/vCard.framework/Versions/A/vCard
0x000000000613a000 	/System/Library/PrivateFrameworks/IntlPreferences.framework/Versions/A/IntlPreferences
0x000000000613a000 	/System/Library/PrivateFrameworks/ToneLibrary.framework/Versions/A/ToneLibrary
0x000000000613a000 	/System/Library/PrivateFrameworks/ToneKit.framework/Versions/A/ToneKit
0x000000000613a000 	/System/Library/PrivateFrameworks/ApplePushService.framework/Versions/A/ApplePushService
0x000000000613a000 	/System/Library/PrivateFrameworks/PhoneNumbers.framework/Versions/A/PhoneNumbers
0x000000000613a000 	/System/Library/PrivateFrameworks/ViewBridge.framework/Versions/A/ViewBridge
0x000000000613a000 	/System/Library/Frameworks/Quartz.framework/Versions/A/Quartz
0x000000000613a000 	/System/Library/PrivateFrameworks/CloudDocs.framework/Versions/A/CloudDocs
0x000000000613a000 	/System/Library/PrivateFrameworks/CoreDuet.framework/Versions/A/CoreDuet
0x000000000613a000 	/System/Library/Frameworks/CloudKit.framework/Versions/A/CloudKit
0x000000000613a000 	/System/Library/PrivateFrameworks/ProtocolBuffer.framework/Versions/A/ProtocolBuffer
0x000000000613a000 	/System/Library/PrivateFrameworks/CoreDuetDaemonProtocol.framework/Versions/A/CoreDuetDaemonProtocol
0x000000000613a000 	/System/Library/PrivateFrameworks/CoreDuetDebugLogging.framework/Versions/A/CoreDuetDebugLogging
0x000000000613a000 	/System/Library/PrivateFrameworks/MMCS.framework/Versions/A/MMCS
0x000000000613a000 	/System/Library/Frameworks/CoreLocation.framework/Versions/A/CoreLocation
0x000000000613a000 	/System/Library/PrivateFrameworks/AssetCacheServices.framework/Versions/A/AssetCacheServices
0x000000000613a000 	/System/Library/PrivateFrameworks/GeoServices.framework/Versions/A/GeoServices
0x000000000613a000 	/System/Library/PrivateFrameworks/PlugInKit.framework/Versions/A/PlugInKit
0x000000013406d000 	/System/Library/CoreServices/RawCamera.bundle/Contents/MacOS/RawCamera
0x000000000613a000 	/System/Library/PrivateFrameworks/CacheDelete.framework/Versions/A/CacheDelete
0x000000000613a000 	/System/Library/PrivateFrameworks/iLifeMediaBrowser.framework/Versions/A/iLifeMediaBrowser
0x000000000613a000 	/System/Library/Frameworks/AVKit.framework/Versions/A/AVKit
0x0000000135a40000 	/System/Library/Extensions/AppleIntelBDWGraphicsMTLDriver.bundle/Contents/MacOS/AppleIntelBDWGraphicsMTLDriver
0x000000000613a000 	/System/Library/Frameworks/OpenGL.framework/Versions/A/Resources/GLEngine.bundle/GLEngine
0x000000000613a000 	/System/Library/Frameworks/OpenGL.framework/Versions/A/Libraries/libGLProgrammability.dylib
0x0000000135b58000 	/System/Library/Extensions/AppleIntelBDWGraphicsGLDriver.bundle/Contents/MacOS/AppleIntelBDWGraphicsGLDriver
0x000000000613a000 	/System/Library/PrivateFrameworks/GPUSupport.framework/Versions/A/Libraries/libGPUSupportMercury.dylib
0x000000000613a000 	/System/Library/Frameworks/OpenGL.framework/Versions/A/Resources/GLRendererFloat.bundle/GLRendererFloat
0x00000001366f6000 	/System/Library/Frameworks/Security.framework/PlugIns/csparser.bundle/Contents/MacOS/csparser
0x000000000613a000 	/System/Library/PrivateFrameworks/Shortcut.framework/Versions/A/Shortcut
0x000000000613a000 	/System/Library/PrivateFrameworks/HelpData.framework/Versions/A/HelpData
0x000000000613a000 	/usr/lib/libtidy.A.dylib
0x000000000613a000 	/System/Library/PrivateFrameworks/DataDetectors.framework/Versions/A/DataDetectors

VM Arguments:
jvm_args: -Djava.library.path=bin -Dfile.encoding=UTF-8 
java_command: org.deri.nettopo.app.NetTopoApp
java_class_path (initial): /Users/tony/git/Nettopo_tony/NetTopo_Tony/classes:/Users/tony/git/Nettopo_tony/NetTopo_Tony/lib/org.eclipse.core.commands_3.2.0.I20060605-1400.jar:/Users/tony/git/Nettopo_tony/NetTopo_Tony/lib/org.eclipse.equinox.common_3.2.0.v20060603.jar:/Users/tony/git/Nettopo_tony/NetTopo_Tony/lib/org.eclipse.jface_3.2.2.M20061214-1200.jar:/Users/tony/git/Nettopo_tony/NetTopo_Tony/lib/Jama-1.0.2.jar:/Users/tony/git/Nettopo_tony/NetTopo_Tony/lib/jdom-1.0.jar:/Users/tony/git/Nettopo_tony/NetTopo_Tony/lib/rome-0.9.jar:/Users/tony/git/Nettopo_tony/NetTopo_Tony/lib/jcommon-1.0.16.jar:/Users/tony/git/Nettopo_tony/NetTopo_Tony/lib/jfreechart-1.0.9.jar:/Users/tony/git/Nettopo_tony/NetTopo_Tony/lib/dom4j-1.6.1.jar:/Users/tony/git/Nettopo_tony/NetTopo_Tony/hadooplib/activation-1.1.jar:/Users/tony/git/Nettopo_tony/NetTopo_Tony/hadooplib/apacheds-i18n-2.0.0-M15.jar:/Users/tony/git/Nettopo_tony/NetTopo_Tony/hadooplib/apacheds-kerberos-codec-2.0.0-M15.jar:/Users/tony/git/Nettopo_tony/NetTopo_Tony/hadooplib/api-asn1-api-1.0.0-M20.jar:/Users/tony/git/Nettopo_tony/NetTopo_Tony/hadooplib/api-util-1.0.0-M20.jar:/Users/tony/git/Nettopo_tony/NetTopo_Tony/hadooplib/asm-3.2.jar:/Users/tony/git/Nettopo_tony/NetTopo_Tony/hadooplib/avro-1.7.4.jar:/Users/tony/git/Nettopo_tony/NetTopo_Tony/hadooplib/commons-beanutils-1.7.0.jar:/Users/tony/git/Nettopo_tony/NetTopo_Tony/hadooplib/commons-beanutils-core-1.8.0.jar:/Users/tony/git/Nettopo_tony/NetTopo_Tony/hadooplib/commons-cli-1.2.jar:/Users/tony/git/Nettopo_tony/NetTopo_Tony/hadooplib/commons-codec-1.4.jar:/Users/tony/git/Nettopo_tony/NetTopo_Tony/hadooplib/commons-collections-3.2.1.jar:/Users/tony/git/Nettopo_tony/NetTopo_Tony/hadooplib/commons-compress-1.4.1.jar:/Users/tony/git/Nettopo_tony/NetTopo_Tony/hadooplib/commons-configuration-1.6.jar:/Users/tony/git/Nettopo_tony/NetTopo_Tony/hadooplib/commons-digester-1.8.jar:/Users/tony/git/Nettopo_tony/NetTopo_Tony/hadooplib/commons-el-1.0.jar:/Users/tony/git/Nettopo_tony/NetTopo_Tony
Launcher Type: SUN_STANDARD

Environment Variables:
PATH=/usr/bin:/bin:/usr/sbin:/sbin
SHELL=/bin/bash

Signal Handlers:
SIGSEGV: [libjvm.dylib+0x5af145], sa_mask[0]=11111111011111110111111111111111, sa_flags=SA_ONSTACK|SA_RESTART|SA_SIGINFO
SIGBUS: [libjvm.dylib+0x5af145], sa_mask[0]=11111111011111110111111111111111, sa_flags=SA_RESTART|SA_SIGINFO
SIGFPE: [libjvm.dylib+0x48694c], sa_mask[0]=11111111011111110111111111111111, sa_flags=SA_RESTART|SA_SIGINFO
SIGPIPE: [libjvm.dylib+0x48694c], sa_mask[0]=11111111011111110111111111111111, sa_flags=SA_RESTART|SA_SIGINFO
SIGXFSZ: [libjvm.dylib+0x48694c], sa_mask[0]=11111111011111110111111111111111, sa_flags=SA_RESTART|SA_SIGINFO
SIGILL: [libjvm.dylib+0x48694c], sa_mask[0]=11111111011111110111111111111111, sa_flags=SA_RESTART|SA_SIGINFO
SIGUSR1: SIG_DFL, sa_mask[0]=00000000000000000000000000000000, sa_flags=none
SIGUSR2: [libjvm.dylib+0x48646a], sa_mask[0]=00100000000000000000000000000000, sa_flags=SA_RESTART|SA_SIGINFO
SIGHUP: [libjvm.dylib+0x484a41], sa_mask[0]=11111111011111110111111111111111, sa_flags=SA_RESTART|SA_SIGINFO
SIGINT: [libjvm.dylib+0x484a41], sa_mask[0]=11111111011111110111111111111111, sa_flags=SA_RESTART|SA_SIGINFO
SIGTERM: [libjvm.dylib+0x484a41], sa_mask[0]=11111111011111110111111111111111, sa_flags=SA_RESTART|SA_SIGINFO
SIGQUIT: [libjvm.dylib+0x484a41], sa_mask[0]=11111111011111110111111111111111, sa_flags=SA_RESTART|SA_SIGINFO


---------------  S Y S T E M  ---------------

OS:Bsduname:Darwin 15.6.0 Darwin Kernel Version 15.6.0: Mon Aug 29 20:21:34 PDT 2016; root:xnu-3248.60.11~1/RELEASE_X86_64 x86_64
rlimit: STACK 8192k, CORE 0k, NPROC 709, NOFILE 10240, AS infinity
load average:2.18 2.45 2.31

CPU:total 4 (2 cores per cpu, 2 threads per core) family 6 model 61 stepping 4, cmov, cx8, fxsr, mmx, sse, sse2, sse3, ssse3, sse4.1, sse4.2, popcnt, avx, avx2, aes, clmul, erms, 3dnowpref, lzcnt, ht, tsc, tscinvbit, bmi1, bmi2, adx

Memory: 4k page, physical 8388608k(856580k free)

/proc/meminfo:


vm_info: Java HotSpot(TM) 64-Bit Server VM (25.101-b13) for bsd-amd64 JRE (1.8.0_101-b13), built on Jun 22 2016 02:42:15 by "java_re" with gcc 4.2.1 (Based on Apple Inc. build 5658) (LLVM build 2336.11.00)

time: Sun Sep 18 23:21:10 2016
elapsed time: 10121 seconds (0d 2h 48m 41s)

